RunDirectory:/home/apatapof/softmatter/runs/
0.0
100,1,2.9999999999999996,10-50-38/DensityData_raw:0.080000.txt
100,1,2.9999999999999996,10-50-38/DensityData_raw:0.000000.txt



0.003333
100,1,2.9999999999999996,10-50-38/DensityData_raw:0.096667.txt
100,1,2.9999999999999996,10-50-38/DensityData_raw:0.003333.txt



0.006667
100,1,2.9999999999999996,10-50-38/DensityData_raw:0.086667.txt
100,1,2.9999999999999996,10-50-38/DensityData_raw:0.006667.txt



0.01
100,1,2.9999999999999996,10-50-38/DensityData_raw:0.040000.txt
100,1,2.9999999999999996,10-50-38/DensityData_raw:0.010000.txt



0.013333
100,1,2.9999999999999996,10-50-38/DensityData_raw:0.060000.txt
100,1,2.9999999999999996,10-50-38/DensityData_raw:0.013333.txt



0.016667
100,1,2.9999999999999996,10-50-38/DensityData_raw:0.083333.txt
100,1,2.9999999999999996,10-50-38/DensityData_raw:0.016667.txt



0.02
100,1,2.9999999999999996,10-50-38/DensityData_raw:0.053333.txt
100,1,2.9999999999999996,10-50-38/DensityData_raw:0.020000.txt



0.023333
100,1,2.9999999999999996,10-50-38/DensityData_raw:0.070000.txt
100,1,2.9999999999999996,10-50-38/DensityData_raw:0.023333.txt



0.026667
100,1,2.9999999999999996,10-50-38/DensityData_raw:0.030000.txt
100,1,2.9999999999999996,10-50-38/DensityData_raw:0.026667.txt



0.03
100,1,2.9999999999999996,10-50-38/DensityData_raw:0.066667.txt
100,1,2.9999999999999996,10-50-38/DensityData_raw:0.030000.txt



0.033333
100,1,2.9999999999999996,10-50-38/DensityData_raw:0.033333.txt
100,1,2.9999999999999996,10-50-38/DensityData_raw:0.033333.txt



0.036667
100,1,2.9999999999999996,10-50-38/DensityData_raw:0.076667.txt
100,1,2.9999999999999996,10-50-38/DensityData_raw:0.036667.txt



0.04
100,1,2.9999999999999996,10-50-38/DensityData_raw:0.003333.txt
100,1,2.9999999999999996,10-50-38/DensityData_raw:0.040000.txt



0.043333
100,1,2.9999999999999996,10-50-38/DensityData_raw:0.013333.txt
100,1,2.9999999999999996,10-50-38/DensityData_raw:0.043333.txt



0.046667
100,1,2.9999999999999996,10-50-38/DensityData_raw:0.056667.txt
100,1,2.9999999999999996,10-50-38/DensityData_raw:0.046667.txt



0.05
100,1,2.9999999999999996,10-50-38/DensityData_raw:0.043333.txt
100,1,2.9999999999999996,10-50-38/DensityData_raw:0.050000.txt



0.053333
100,1,2.9999999999999996,10-50-38/DensityData_raw:0.023333.txt
100,1,2.9999999999999996,10-50-38/DensityData_raw:0.053333.txt



0.056667
100,1,2.9999999999999996,10-50-38/DensityData_raw:0.090000.txt
100,1,2.9999999999999996,10-50-38/DensityData_raw:0.056667.txt



0.06
100,1,2.9999999999999996,10-50-38/DensityData_raw:0.010000.txt
100,1,2.9999999999999996,10-50-38/DensityData_raw:0.060000.txt



0.063333
100,1,2.9999999999999996,10-50-38/DensityData_raw:0.046667.txt
100,1,2.9999999999999996,10-50-38/DensityData_raw:0.063333.txt



0.066667
100,1,2.9999999999999996,10-50-38/DensityData_raw:0.026667.txt
100,1,2.9999999999999996,10-50-38/DensityData_raw:0.066667.txt



0.07
100,1,2.9999999999999996,10-50-38/DensityData_raw:0.063333.txt
100,1,2.9999999999999996,10-50-38/DensityData_raw:0.070000.txt



0.073333
100,1,2.9999999999999996,10-50-38/DensityData_raw:0.016667.txt
100,1,2.9999999999999996,10-50-38/DensityData_raw:0.073333.txt



0.076667
100,1,2.9999999999999996,10-50-38/DensityData_raw:0.073333.txt
100,1,2.9999999999999996,10-50-38/DensityData_raw:0.076667.txt



0.08
100,1,2.9999999999999996,10-50-38/DensityData_raw:0.036667.txt
100,1,2.9999999999999996,10-50-38/DensityData_raw:0.080000.txt



0.083333
100,1,2.9999999999999996,10-50-38/DensityData_raw:0.020000.txt
100,1,2.9999999999999996,10-50-38/DensityData_raw:0.083333.txt



0.086667
100,1,2.9999999999999996,10-50-38/DensityData_raw:0.006667.txt
100,1,2.9999999999999996,10-50-38/DensityData_raw:0.086667.txt



0.09
100,1,2.9999999999999996,10-50-38/DensityData_raw:0.050000.txt
100,1,2.9999999999999996,10-50-38/DensityData_raw:0.090000.txt



0.093333
100,1,2.9999999999999996,10-50-38/DensityData_raw:0.093333.txt
100,1,2.9999999999999996,10-50-38/DensityData_raw:0.093333.txt



0.096667
100,1,2.9999999999999996,10-50-38/DensityData_raw:0.000000.txt
100,1,2.9999999999999996,10-50-38/DensityData_raw:0.096667.txt



0.000000
0.003333
0.006667
0.010000
0.013333
0.016667
0.020000
0.023333
0.026667
0.030000
0.033333
0.036667
0.040000
0.043333
0.046667
0.050000
0.053333
0.056667
0.060000
0.063333
0.066667
0.070000
0.073333
0.076667
0.080000
0.083333
0.086667
0.090000
0.093333
0.096667
0.025
200,1,2.9999999999999996,12-06-21/DensityData_raw:0.080000.txt
200,1,2.9999999999999996,12-06-21/DensityData_raw:0.025000.txt



0.03
200,1,2.9999999999999996,12-06-21/DensityData_raw:0.040000.txt
200,1,2.9999999999999996,12-06-21/DensityData_raw:0.030000.txt



0.035
200,1,2.9999999999999996,12-06-21/DensityData_raw:0.025000.txt
200,1,2.9999999999999996,12-06-21/DensityData_raw:0.035000.txt



0.04
200,1,2.9999999999999996,12-06-21/DensityData_raw:0.060000.txt
200,1,2.9999999999999996,12-06-21/DensityData_raw:0.040000.txt



0.045
200,1,2.9999999999999996,12-06-21/DensityData_raw:0.085000.txt
200,1,2.9999999999999996,12-06-21/DensityData_raw:0.045000.txt



0.05
200,1,2.9999999999999996,12-06-21/DensityData_raw:0.070000.txt
200,1,2.9999999999999996,12-06-21/DensityData_raw:0.050000.txt



0.055
200,1,2.9999999999999996,12-06-21/DensityData_raw:0.055000.txt
200,1,2.9999999999999996,12-06-21/DensityData_raw:0.055000.txt



0.06
200,1,2.9999999999999996,12-06-21/DensityData_raw:0.030000.txt
200,1,2.9999999999999996,12-06-21/DensityData_raw:0.060000.txt



0.065
200,1,2.9999999999999996,12-06-21/DensityData_raw:0.035000.txt
200,1,2.9999999999999996,12-06-21/DensityData_raw:0.065000.txt



0.07
200,1,2.9999999999999996,12-06-21/DensityData_raw:0.090000.txt
200,1,2.9999999999999996,12-06-21/DensityData_raw:0.070000.txt



0.075
200,1,2.9999999999999996,12-06-21/DensityData_raw:0.075000.txt
200,1,2.9999999999999996,12-06-21/DensityData_raw:0.075000.txt



0.08
200,1,2.9999999999999996,12-06-21/DensityData_raw:0.050000.txt
200,1,2.9999999999999996,12-06-21/DensityData_raw:0.080000.txt



0.085
200,1,2.9999999999999996,12-06-21/DensityData_raw:0.095000.txt
200,1,2.9999999999999996,12-06-21/DensityData_raw:0.085000.txt



0.09
200,1,2.9999999999999996,12-06-21/DensityData_raw:0.045000.txt
200,1,2.9999999999999996,12-06-21/DensityData_raw:0.090000.txt



0.095
200,1,2.9999999999999996,12-06-21/DensityData_raw:0.065000.txt
200,1,2.9999999999999996,12-06-21/DensityData_raw:0.095000.txt



0.025000
0.030000
0.035000
0.040000
0.045000
0.050000
0.055000
0.060000
0.065000
0.070000
0.075000
0.080000
0.085000
0.090000
0.095000
0.1
200,1,2.9999999999999996,12-15-39/DensityData_raw:0.166667.txt
200,1,2.9999999999999996,12-15-39/DensityData_raw:0.100000.txt



0.106667
200,1,2.9999999999999996,12-15-39/DensityData_raw:0.180000.txt
200,1,2.9999999999999996,12-15-39/DensityData_raw:0.106667.txt



0.113333
200,1,2.9999999999999996,12-15-39/DensityData_raw:0.193333.txt
200,1,2.9999999999999996,12-15-39/DensityData_raw:0.113333.txt



0.12
200,1,2.9999999999999996,12-15-39/DensityData_raw:0.126667.txt
200,1,2.9999999999999996,12-15-39/DensityData_raw:0.120000.txt



0.126667
200,1,2.9999999999999996,12-15-39/DensityData_raw:0.173333.txt
200,1,2.9999999999999996,12-15-39/DensityData_raw:0.126667.txt



0.133333
200,1,2.9999999999999996,12-15-39/DensityData_raw:0.100000.txt
200,1,2.9999999999999996,12-15-39/DensityData_raw:0.133333.txt



0.14
200,1,2.9999999999999996,12-15-39/DensityData_raw:0.160000.txt
200,1,2.9999999999999996,12-15-39/DensityData_raw:0.140000.txt



0.146667
200,1,2.9999999999999996,12-15-39/DensityData_raw:0.133333.txt
200,1,2.9999999999999996,12-15-39/DensityData_raw:0.146667.txt



0.153333
200,1,2.9999999999999996,12-15-39/DensityData_raw:0.186667.txt
200,1,2.9999999999999996,12-15-39/DensityData_raw:0.153333.txt



0.16
200,1,2.9999999999999996,12-15-39/DensityData_raw:0.153333.txt
200,1,2.9999999999999996,12-15-39/DensityData_raw:0.160000.txt



0.166667
200,1,2.9999999999999996,12-15-39/DensityData_raw:0.106667.txt
200,1,2.9999999999999996,12-15-39/DensityData_raw:0.166667.txt



0.173333
200,1,2.9999999999999996,12-15-39/DensityData_raw:0.120000.txt
200,1,2.9999999999999996,12-15-39/DensityData_raw:0.173333.txt



0.18
200,1,2.9999999999999996,12-15-39/DensityData_raw:0.113333.txt
200,1,2.9999999999999996,12-15-39/DensityData_raw:0.180000.txt



0.186667
200,1,2.9999999999999996,12-15-39/DensityData_raw:0.146667.txt
200,1,2.9999999999999996,12-15-39/DensityData_raw:0.186667.txt



0.193333
200,1,2.9999999999999996,12-15-39/DensityData_raw:0.140000.txt
200,1,2.9999999999999996,12-15-39/DensityData_raw:0.193333.txt



0.100000
0.106667
0.113333
0.120000
0.126667
0.133333
0.140000
0.146667
0.153333
0.160000
0.166667
0.173333
0.180000
0.186667
0.193333
0.0
200,1,2.9999999999999996,20-43-31/DensityData_raw:0.080000.txt
200,1,2.9999999999999996,20-43-31/DensityData_raw:0.000000.txt



0.006667
200,1,2.9999999999999996,20-43-31/DensityData_raw:0.086667.txt
200,1,2.9999999999999996,20-43-31/DensityData_raw:0.006667.txt



0.013333
200,1,2.9999999999999996,20-43-31/DensityData_raw:0.040000.txt
200,1,2.9999999999999996,20-43-31/DensityData_raw:0.013333.txt



0.02
200,1,2.9999999999999996,20-43-31/DensityData_raw:0.060000.txt
200,1,2.9999999999999996,20-43-31/DensityData_raw:0.020000.txt



0.026667
200,1,2.9999999999999996,20-43-31/DensityData_raw:0.053333.txt
200,1,2.9999999999999996,20-43-31/DensityData_raw:0.026667.txt



0.033333
200,1,2.9999999999999996,20-43-31/DensityData_raw:0.066667.txt
200,1,2.9999999999999996,20-43-31/DensityData_raw:0.033333.txt



0.04
200,1,2.9999999999999996,20-43-31/DensityData_raw:0.033333.txt
200,1,2.9999999999999996,20-43-31/DensityData_raw:0.040000.txt



0.046667
200,1,2.9999999999999996,20-43-31/DensityData_raw:0.013333.txt
200,1,2.9999999999999996,20-43-31/DensityData_raw:0.046667.txt



0.053333
200,1,2.9999999999999996,20-43-31/DensityData_raw:0.046667.txt
200,1,2.9999999999999996,20-43-31/DensityData_raw:0.053333.txt



0.06
200,1,2.9999999999999996,20-43-31/DensityData_raw:0.026667.txt
200,1,2.9999999999999996,20-43-31/DensityData_raw:0.060000.txt



0.066667
200,1,2.9999999999999996,20-43-31/DensityData_raw:0.073333.txt
200,1,2.9999999999999996,20-43-31/DensityData_raw:0.066667.txt



0.073333
200,1,2.9999999999999996,20-43-31/DensityData_raw:0.020000.txt
200,1,2.9999999999999996,20-43-31/DensityData_raw:0.073333.txt



0.08
200,1,2.9999999999999996,20-43-31/DensityData_raw:0.006667.txt
200,1,2.9999999999999996,20-43-31/DensityData_raw:0.080000.txt



0.086667
200,1,2.9999999999999996,20-43-31/DensityData_raw:0.093333.txt
200,1,2.9999999999999996,20-43-31/DensityData_raw:0.086667.txt



0.093333
200,1,2.9999999999999996,20-43-31/DensityData_raw:0.000000.txt
200,1,2.9999999999999996,20-43-31/DensityData_raw:0.093333.txt



0.000000
0.006667
0.013333
0.020000
0.026667
0.033333
0.040000
0.046667
0.053333
0.060000
0.066667
0.073333
0.080000
0.086667
0.093333
0.0
200,1,5.999999999999999,20-22-05/DensityData_raw:0.080000.txt
200,1,5.999999999999999,20-22-05/DensityData_raw:0.000000.txt



0.006667
200,1,5.999999999999999,20-22-05/DensityData_raw:0.086667.txt
200,1,5.999999999999999,20-22-05/DensityData_raw:0.006667.txt



0.013333
200,1,5.999999999999999,20-22-05/DensityData_raw:0.040000.txt
200,1,5.999999999999999,20-22-05/DensityData_raw:0.013333.txt



0.02
200,1,5.999999999999999,20-22-05/DensityData_raw:0.060000.txt
200,1,5.999999999999999,20-22-05/DensityData_raw:0.020000.txt



0.026667
200,1,5.999999999999999,20-22-05/DensityData_raw:0.053333.txt
200,1,5.999999999999999,20-22-05/DensityData_raw:0.026667.txt



0.033333
200,1,5.999999999999999,20-22-05/DensityData_raw:0.066667.txt
200,1,5.999999999999999,20-22-05/DensityData_raw:0.033333.txt



0.04
200,1,5.999999999999999,20-22-05/DensityData_raw:0.033333.txt
200,1,5.999999999999999,20-22-05/DensityData_raw:0.040000.txt



0.046667
200,1,5.999999999999999,20-22-05/DensityData_raw:0.013333.txt
200,1,5.999999999999999,20-22-05/DensityData_raw:0.046667.txt



0.053333
200,1,5.999999999999999,20-22-05/DensityData_raw:0.046667.txt
200,1,5.999999999999999,20-22-05/DensityData_raw:0.053333.txt



0.06
200,1,5.999999999999999,20-22-05/DensityData_raw:0.026667.txt
200,1,5.999999999999999,20-22-05/DensityData_raw:0.060000.txt



0.066667
200,1,5.999999999999999,20-22-05/DensityData_raw:0.073333.txt
200,1,5.999999999999999,20-22-05/DensityData_raw:0.066667.txt



0.073333
200,1,5.999999999999999,20-22-05/DensityData_raw:0.020000.txt
200,1,5.999999999999999,20-22-05/DensityData_raw:0.073333.txt



0.08
200,1,5.999999999999999,20-22-05/DensityData_raw:0.006667.txt
200,1,5.999999999999999,20-22-05/DensityData_raw:0.080000.txt



0.086667
200,1,5.999999999999999,20-22-05/DensityData_raw:0.093333.txt
200,1,5.999999999999999,20-22-05/DensityData_raw:0.086667.txt



0.093333
200,1,5.999999999999999,20-22-05/DensityData_raw:0.000000.txt
200,1,5.999999999999999,20-22-05/DensityData_raw:0.093333.txt



0.000000
0.006667
0.013333
0.020000
0.026667
0.033333
0.040000
0.046667
0.053333
0.060000
0.066667
0.073333
0.080000
0.086667
0.093333
0.025
400,1,2.9999999999999996,15-15-45/DensityData_raw:0.040000.txt
400,1,2.9999999999999996,15-15-45/DensityData_raw:0.025000.txt



0.03
400,1,2.9999999999999996,15-15-45/DensityData_raw:0.025000.txt
400,1,2.9999999999999996,15-15-45/DensityData_raw:0.030000.txt



0.035
400,1,2.9999999999999996,15-15-45/DensityData_raw:0.030000.txt
400,1,2.9999999999999996,15-15-45/DensityData_raw:0.035000.txt



0.04
400,1,2.9999999999999996,15-15-45/DensityData_raw:0.035000.txt
400,1,2.9999999999999996,15-15-45/DensityData_raw:0.040000.txt



0.045
400,1,2.9999999999999996,15-15-45/DensityData_raw:0.045000.txt
400,1,2.9999999999999996,15-15-45/DensityData_raw:0.045000.txt



0.025000
0.030000
0.035000
0.040000
0.045000
0.0
200,2,2.9999999999999996,12-02-26/DensityData_raw:0.040000.txt
200,2,2.9999999999999996,12-02-26/DensityData_raw:0.000000.txt



0.003333
200,2,2.9999999999999996,12-02-26/DensityData_raw:0.030000.txt
200,2,2.9999999999999996,12-02-26/DensityData_raw:0.003333.txt



0.006667
200,2,2.9999999999999996,12-02-26/DensityData_raw:0.033333.txt
200,2,2.9999999999999996,12-02-26/DensityData_raw:0.006667.txt



0.01
200,2,2.9999999999999996,12-02-26/DensityData_raw:0.003333.txt
200,2,2.9999999999999996,12-02-26/DensityData_raw:0.010000.txt



0.013333
200,2,2.9999999999999996,12-02-26/DensityData_raw:0.013333.txt
200,2,2.9999999999999996,12-02-26/DensityData_raw:0.013333.txt



0.016667
200,2,2.9999999999999996,12-02-26/DensityData_raw:0.043333.txt
200,2,2.9999999999999996,12-02-26/DensityData_raw:0.016667.txt



0.02
200,2,2.9999999999999996,12-02-26/DensityData_raw:0.023333.txt
200,2,2.9999999999999996,12-02-26/DensityData_raw:0.020000.txt



0.023333
200,2,2.9999999999999996,12-02-26/DensityData_raw:0.010000.txt
200,2,2.9999999999999996,12-02-26/DensityData_raw:0.023333.txt



0.026667
200,2,2.9999999999999996,12-02-26/DensityData_raw:0.046667.txt
200,2,2.9999999999999996,12-02-26/DensityData_raw:0.026667.txt



0.03
200,2,2.9999999999999996,12-02-26/DensityData_raw:0.026667.txt
200,2,2.9999999999999996,12-02-26/DensityData_raw:0.030000.txt



0.033333
200,2,2.9999999999999996,12-02-26/DensityData_raw:0.016667.txt
200,2,2.9999999999999996,12-02-26/DensityData_raw:0.033333.txt



0.036667
200,2,2.9999999999999996,12-02-26/DensityData_raw:0.036667.txt
200,2,2.9999999999999996,12-02-26/DensityData_raw:0.036667.txt



0.04
200,2,2.9999999999999996,12-02-26/DensityData_raw:0.020000.txt
200,2,2.9999999999999996,12-02-26/DensityData_raw:0.040000.txt



0.043333
200,2,2.9999999999999996,12-02-26/DensityData_raw:0.006667.txt
200,2,2.9999999999999996,12-02-26/DensityData_raw:0.043333.txt



0.046667
200,2,2.9999999999999996,12-02-26/DensityData_raw:0.000000.txt
200,2,2.9999999999999996,12-02-26/DensityData_raw:0.046667.txt



0.000000
0.003333
0.006667
0.010000
0.013333
0.016667
0.020000
0.023333
0.026667
0.030000
0.033333
0.036667
0.040000
0.043333
0.046667
0.0
200,1,2.9999999999999996,18-54-41/DensityData_raw:0.080000.txt
200,1,2.9999999999999996,18-54-41/DensityData_raw:0.000000.txt



0.003333
200,1,2.9999999999999996,18-54-41/DensityData_raw:0.096667.txt
200,1,2.9999999999999996,18-54-41/DensityData_raw:0.003333.txt



0.006667
200,1,2.9999999999999996,18-54-41/DensityData_raw:0.086667.txt
200,1,2.9999999999999996,18-54-41/DensityData_raw:0.006667.txt



0.01
200,1,2.9999999999999996,18-54-41/DensityData_raw:0.040000.txt
200,1,2.9999999999999996,18-54-41/DensityData_raw:0.010000.txt



0.013333
200,1,2.9999999999999996,18-54-41/DensityData_raw:0.060000.txt
200,1,2.9999999999999996,18-54-41/DensityData_raw:0.013333.txt



0.016667
200,1,2.9999999999999996,18-54-41/DensityData_raw:0.083333.txt
200,1,2.9999999999999996,18-54-41/DensityData_raw:0.016667.txt



0.02
200,1,2.9999999999999996,18-54-41/DensityData_raw:0.053333.txt
200,1,2.9999999999999996,18-54-41/DensityData_raw:0.020000.txt



0.023333
200,1,2.9999999999999996,18-54-41/DensityData_raw:0.070000.txt
200,1,2.9999999999999996,18-54-41/DensityData_raw:0.023333.txt



0.026667
200,1,2.9999999999999996,18-54-41/DensityData_raw:0.030000.txt
200,1,2.9999999999999996,18-54-41/DensityData_raw:0.026667.txt



0.03
200,1,2.9999999999999996,18-54-41/DensityData_raw:0.066667.txt
200,1,2.9999999999999996,18-54-41/DensityData_raw:0.030000.txt



0.033333
200,1,2.9999999999999996,18-54-41/DensityData_raw:0.033333.txt
200,1,2.9999999999999996,18-54-41/DensityData_raw:0.033333.txt



0.036667
200,1,2.9999999999999996,18-54-41/DensityData_raw:0.076667.txt
200,1,2.9999999999999996,18-54-41/DensityData_raw:0.036667.txt



0.04
200,1,2.9999999999999996,18-54-41/DensityData_raw:0.003333.txt
200,1,2.9999999999999996,18-54-41/DensityData_raw:0.040000.txt



0.043333
200,1,2.9999999999999996,18-54-41/DensityData_raw:0.013333.txt
200,1,2.9999999999999996,18-54-41/DensityData_raw:0.043333.txt



0.046667
200,1,2.9999999999999996,18-54-41/DensityData_raw:0.056667.txt
200,1,2.9999999999999996,18-54-41/DensityData_raw:0.046667.txt



0.05
200,1,2.9999999999999996,18-54-41/DensityData_raw:0.043333.txt
200,1,2.9999999999999996,18-54-41/DensityData_raw:0.050000.txt



0.053333
200,1,2.9999999999999996,18-54-41/DensityData_raw:0.023333.txt
200,1,2.9999999999999996,18-54-41/DensityData_raw:0.053333.txt



0.056667
200,1,2.9999999999999996,18-54-41/DensityData_raw:0.090000.txt
200,1,2.9999999999999996,18-54-41/DensityData_raw:0.056667.txt



0.06
200,1,2.9999999999999996,18-54-41/DensityData_raw:0.010000.txt
200,1,2.9999999999999996,18-54-41/DensityData_raw:0.060000.txt



0.063333
200,1,2.9999999999999996,18-54-41/DensityData_raw:0.046667.txt
200,1,2.9999999999999996,18-54-41/DensityData_raw:0.063333.txt



0.066667
200,1,2.9999999999999996,18-54-41/DensityData_raw:0.026667.txt
200,1,2.9999999999999996,18-54-41/DensityData_raw:0.066667.txt



0.07
200,1,2.9999999999999996,18-54-41/DensityData_raw:0.063333.txt
200,1,2.9999999999999996,18-54-41/DensityData_raw:0.070000.txt



0.073333
200,1,2.9999999999999996,18-54-41/DensityData_raw:0.016667.txt
200,1,2.9999999999999996,18-54-41/DensityData_raw:0.073333.txt



0.076667
200,1,2.9999999999999996,18-54-41/DensityData_raw:0.073333.txt
200,1,2.9999999999999996,18-54-41/DensityData_raw:0.076667.txt



0.08
200,1,2.9999999999999996,18-54-41/DensityData_raw:0.036667.txt
200,1,2.9999999999999996,18-54-41/DensityData_raw:0.080000.txt



0.083333
200,1,2.9999999999999996,18-54-41/DensityData_raw:0.020000.txt
200,1,2.9999999999999996,18-54-41/DensityData_raw:0.083333.txt



0.086667
200,1,2.9999999999999996,18-54-41/DensityData_raw:0.006667.txt
200,1,2.9999999999999996,18-54-41/DensityData_raw:0.086667.txt



0.09
200,1,2.9999999999999996,18-54-41/DensityData_raw:0.050000.txt
200,1,2.9999999999999996,18-54-41/DensityData_raw:0.090000.txt



0.093333
200,1,2.9999999999999996,18-54-41/DensityData_raw:0.093333.txt
200,1,2.9999999999999996,18-54-41/DensityData_raw:0.093333.txt



0.096667
200,1,2.9999999999999996,18-54-41/DensityData_raw:0.000000.txt
200,1,2.9999999999999996,18-54-41/DensityData_raw:0.096667.txt



0.000000
0.003333
0.006667
0.010000
0.013333
0.016667
0.020000
0.023333
0.026667
0.030000
0.033333
0.036667
0.040000
0.043333
0.046667
0.050000
0.053333
0.056667
0.060000
0.063333
0.066667
0.070000
0.073333
0.076667
0.080000
0.083333
0.086667
0.090000
0.093333
0.096667
0.0
200,1,2.9999999999999996,14-13-26/DensityData_raw:0.080000.txt
200,1,2.9999999999999996,14-13-26/DensityData_raw:0.000000.txt



0.006667
200,1,2.9999999999999996,14-13-26/DensityData_raw:0.086667.txt
200,1,2.9999999999999996,14-13-26/DensityData_raw:0.006667.txt



0.013333
200,1,2.9999999999999996,14-13-26/DensityData_raw:0.040000.txt
200,1,2.9999999999999996,14-13-26/DensityData_raw:0.013333.txt



0.02
200,1,2.9999999999999996,14-13-26/DensityData_raw:0.060000.txt
200,1,2.9999999999999996,14-13-26/DensityData_raw:0.020000.txt



0.026667
200,1,2.9999999999999996,14-13-26/DensityData_raw:0.053333.txt
200,1,2.9999999999999996,14-13-26/DensityData_raw:0.026667.txt



0.033333
200,1,2.9999999999999996,14-13-26/DensityData_raw:0.066667.txt
200,1,2.9999999999999996,14-13-26/DensityData_raw:0.033333.txt



0.04
200,1,2.9999999999999996,14-13-26/DensityData_raw:0.033333.txt
200,1,2.9999999999999996,14-13-26/DensityData_raw:0.040000.txt



0.046667
200,1,2.9999999999999996,14-13-26/DensityData_raw:0.013333.txt
200,1,2.9999999999999996,14-13-26/DensityData_raw:0.046667.txt



0.053333
200,1,2.9999999999999996,14-13-26/DensityData_raw:0.046667.txt
200,1,2.9999999999999996,14-13-26/DensityData_raw:0.053333.txt



0.06
200,1,2.9999999999999996,14-13-26/DensityData_raw:0.026667.txt
200,1,2.9999999999999996,14-13-26/DensityData_raw:0.060000.txt



0.066667
200,1,2.9999999999999996,14-13-26/DensityData_raw:0.073333.txt
200,1,2.9999999999999996,14-13-26/DensityData_raw:0.066667.txt



0.073333
200,1,2.9999999999999996,14-13-26/DensityData_raw:0.020000.txt
200,1,2.9999999999999996,14-13-26/DensityData_raw:0.073333.txt



0.08
200,1,2.9999999999999996,14-13-26/DensityData_raw:0.006667.txt
200,1,2.9999999999999996,14-13-26/DensityData_raw:0.080000.txt



0.086667
200,1,2.9999999999999996,14-13-26/DensityData_raw:0.093333.txt
200,1,2.9999999999999996,14-13-26/DensityData_raw:0.086667.txt



0.093333
200,1,2.9999999999999996,14-13-26/DensityData_raw:0.000000.txt
200,1,2.9999999999999996,14-13-26/DensityData_raw:0.093333.txt



0.000000
0.006667
0.013333
0.020000
0.026667
0.033333
0.040000
0.046667
0.053333
0.060000
0.066667
0.073333
0.080000
0.086667
0.093333
0.0
200,1,2.9999999999999996,20-43-27/DensityData_raw:0.080000.txt
200,1,2.9999999999999996,20-43-27/DensityData_raw:0.000000.txt



0.006667
200,1,2.9999999999999996,20-43-27/DensityData_raw:0.086667.txt
200,1,2.9999999999999996,20-43-27/DensityData_raw:0.006667.txt



0.013333
200,1,2.9999999999999996,20-43-27/DensityData_raw:0.040000.txt
200,1,2.9999999999999996,20-43-27/DensityData_raw:0.013333.txt



0.02
200,1,2.9999999999999996,20-43-27/DensityData_raw:0.060000.txt
200,1,2.9999999999999996,20-43-27/DensityData_raw:0.020000.txt



0.026667
200,1,2.9999999999999996,20-43-27/DensityData_raw:0.053333.txt
200,1,2.9999999999999996,20-43-27/DensityData_raw:0.026667.txt



0.033333
200,1,2.9999999999999996,20-43-27/DensityData_raw:0.066667.txt
200,1,2.9999999999999996,20-43-27/DensityData_raw:0.033333.txt



0.04
200,1,2.9999999999999996,20-43-27/DensityData_raw:0.033333.txt
200,1,2.9999999999999996,20-43-27/DensityData_raw:0.040000.txt



0.046667
200,1,2.9999999999999996,20-43-27/DensityData_raw:0.013333.txt
200,1,2.9999999999999996,20-43-27/DensityData_raw:0.046667.txt



0.053333
200,1,2.9999999999999996,20-43-27/DensityData_raw:0.046667.txt
200,1,2.9999999999999996,20-43-27/DensityData_raw:0.053333.txt



0.06
200,1,2.9999999999999996,20-43-27/DensityData_raw:0.026667.txt
200,1,2.9999999999999996,20-43-27/DensityData_raw:0.060000.txt



0.066667
200,1,2.9999999999999996,20-43-27/DensityData_raw:0.073333.txt
200,1,2.9999999999999996,20-43-27/DensityData_raw:0.066667.txt



0.073333
200,1,2.9999999999999996,20-43-27/DensityData_raw:0.020000.txt
200,1,2.9999999999999996,20-43-27/DensityData_raw:0.073333.txt



0.08
200,1,2.9999999999999996,20-43-27/DensityData_raw:0.006667.txt
200,1,2.9999999999999996,20-43-27/DensityData_raw:0.080000.txt



0.086667
200,1,2.9999999999999996,20-43-27/DensityData_raw:0.093333.txt
200,1,2.9999999999999996,20-43-27/DensityData_raw:0.086667.txt



0.093333
200,1,2.9999999999999996,20-43-27/DensityData_raw:0.000000.txt
200,1,2.9999999999999996,20-43-27/DensityData_raw:0.093333.txt



0.000000
0.006667
0.013333
0.020000
0.026667
0.033333
0.040000
0.046667
0.053333
0.060000
0.066667
0.073333
0.080000
0.086667
0.093333
0.0
400,1,2.9999999999999996,13-52-01/DensityData_raw:0.080000.txt
400,1,2.9999999999999996,13-52-01/DensityData_raw:0.000000.txt



0.006667
400,1,2.9999999999999996,13-52-01/DensityData_raw:0.086667.txt
400,1,2.9999999999999996,13-52-01/DensityData_raw:0.006667.txt



0.013333
400,1,2.9999999999999996,13-52-01/DensityData_raw:0.040000.txt
400,1,2.9999999999999996,13-52-01/DensityData_raw:0.013333.txt



0.02
400,1,2.9999999999999996,13-52-01/DensityData_raw:0.060000.txt
400,1,2.9999999999999996,13-52-01/DensityData_raw:0.020000.txt



0.026667
400,1,2.9999999999999996,13-52-01/DensityData_raw:0.053333.txt
400,1,2.9999999999999996,13-52-01/DensityData_raw:0.026667.txt



0.033333
400,1,2.9999999999999996,13-52-01/DensityData_raw:0.066667.txt
400,1,2.9999999999999996,13-52-01/DensityData_raw:0.033333.txt



0.04
400,1,2.9999999999999996,13-52-01/DensityData_raw:0.033333.txt
400,1,2.9999999999999996,13-52-01/DensityData_raw:0.040000.txt



0.046667
400,1,2.9999999999999996,13-52-01/DensityData_raw:0.013333.txt
400,1,2.9999999999999996,13-52-01/DensityData_raw:0.046667.txt



0.053333
400,1,2.9999999999999996,13-52-01/DensityData_raw:0.046667.txt
400,1,2.9999999999999996,13-52-01/DensityData_raw:0.053333.txt



0.06
400,1,2.9999999999999996,13-52-01/DensityData_raw:0.026667.txt
400,1,2.9999999999999996,13-52-01/DensityData_raw:0.060000.txt



0.066667
400,1,2.9999999999999996,13-52-01/DensityData_raw:0.073333.txt
400,1,2.9999999999999996,13-52-01/DensityData_raw:0.066667.txt



0.073333
400,1,2.9999999999999996,13-52-01/DensityData_raw:0.020000.txt
400,1,2.9999999999999996,13-52-01/DensityData_raw:0.073333.txt



0.08
400,1,2.9999999999999996,13-52-01/DensityData_raw:0.006667.txt
400,1,2.9999999999999996,13-52-01/DensityData_raw:0.080000.txt



0.086667
400,1,2.9999999999999996,13-52-01/DensityData_raw:0.093333.txt
400,1,2.9999999999999996,13-52-01/DensityData_raw:0.086667.txt



0.093333
400,1,2.9999999999999996,13-52-01/DensityData_raw:0.000000.txt
400,1,2.9999999999999996,13-52-01/DensityData_raw:0.093333.txt



0.000000
0.006667
0.013333
0.020000
0.026667
0.033333
0.040000
0.046667
0.053333
0.060000
0.066667
0.073333
0.080000
0.086667
0.093333
0.0
200,1,2.9999999999999996,14-14-04/DensityData_raw:0.080000.txt
200,1,2.9999999999999996,14-14-04/DensityData_raw:0.000000.txt



0.006667
200,1,2.9999999999999996,14-14-04/DensityData_raw:0.086667.txt
200,1,2.9999999999999996,14-14-04/DensityData_raw:0.006667.txt



0.013333
200,1,2.9999999999999996,14-14-04/DensityData_raw:0.040000.txt
200,1,2.9999999999999996,14-14-04/DensityData_raw:0.013333.txt



0.02
200,1,2.9999999999999996,14-14-04/DensityData_raw:0.060000.txt
200,1,2.9999999999999996,14-14-04/DensityData_raw:0.020000.txt



0.026667
200,1,2.9999999999999996,14-14-04/DensityData_raw:0.053333.txt
200,1,2.9999999999999996,14-14-04/DensityData_raw:0.026667.txt



0.033333
200,1,2.9999999999999996,14-14-04/DensityData_raw:0.066667.txt
200,1,2.9999999999999996,14-14-04/DensityData_raw:0.033333.txt



0.04
200,1,2.9999999999999996,14-14-04/DensityData_raw:0.033333.txt
200,1,2.9999999999999996,14-14-04/DensityData_raw:0.040000.txt



0.046667
200,1,2.9999999999999996,14-14-04/DensityData_raw:0.013333.txt
200,1,2.9999999999999996,14-14-04/DensityData_raw:0.046667.txt



0.053333
200,1,2.9999999999999996,14-14-04/DensityData_raw:0.046667.txt
200,1,2.9999999999999996,14-14-04/DensityData_raw:0.053333.txt



0.06
200,1,2.9999999999999996,14-14-04/DensityData_raw:0.026667.txt
200,1,2.9999999999999996,14-14-04/DensityData_raw:0.060000.txt



0.066667
200,1,2.9999999999999996,14-14-04/DensityData_raw:0.073333.txt
200,1,2.9999999999999996,14-14-04/DensityData_raw:0.066667.txt



0.073333
200,1,2.9999999999999996,14-14-04/DensityData_raw:0.020000.txt
200,1,2.9999999999999996,14-14-04/DensityData_raw:0.073333.txt



0.08
200,1,2.9999999999999996,14-14-04/DensityData_raw:0.006667.txt
200,1,2.9999999999999996,14-14-04/DensityData_raw:0.080000.txt



0.086667
200,1,2.9999999999999996,14-14-04/DensityData_raw:0.093333.txt
200,1,2.9999999999999996,14-14-04/DensityData_raw:0.086667.txt



0.093333
200,1,2.9999999999999996,14-14-04/DensityData_raw:0.000000.txt
200,1,2.9999999999999996,14-14-04/DensityData_raw:0.093333.txt



0.000000
0.006667
0.013333
0.020000
0.026667
0.033333
0.040000
0.046667
0.053333
0.060000
0.066667
0.073333
0.080000
0.086667
0.093333
0.0
400,1,2.9999999999999996,13-46-24/DensityData_raw:0.080000.txt
400,1,2.9999999999999996,13-46-24/DensityData_raw:0.000000.txt



0.006667
400,1,2.9999999999999996,13-46-24/DensityData_raw:0.086667.txt
400,1,2.9999999999999996,13-46-24/DensityData_raw:0.006667.txt



0.013333
400,1,2.9999999999999996,13-46-24/DensityData_raw:0.040000.txt
400,1,2.9999999999999996,13-46-24/DensityData_raw:0.013333.txt



0.02
400,1,2.9999999999999996,13-46-24/DensityData_raw:0.060000.txt
400,1,2.9999999999999996,13-46-24/DensityData_raw:0.020000.txt



0.026667
400,1,2.9999999999999996,13-46-24/DensityData_raw:0.053333.txt
400,1,2.9999999999999996,13-46-24/DensityData_raw:0.026667.txt



0.033333
400,1,2.9999999999999996,13-46-24/DensityData_raw:0.066667.txt
400,1,2.9999999999999996,13-46-24/DensityData_raw:0.033333.txt



0.04
400,1,2.9999999999999996,13-46-24/DensityData_raw:0.033333.txt
400,1,2.9999999999999996,13-46-24/DensityData_raw:0.040000.txt



0.046667
400,1,2.9999999999999996,13-46-24/DensityData_raw:0.013333.txt
400,1,2.9999999999999996,13-46-24/DensityData_raw:0.046667.txt



0.053333
400,1,2.9999999999999996,13-46-24/DensityData_raw:0.046667.txt
400,1,2.9999999999999996,13-46-24/DensityData_raw:0.053333.txt



0.06
400,1,2.9999999999999996,13-46-24/DensityData_raw:0.026667.txt
400,1,2.9999999999999996,13-46-24/DensityData_raw:0.060000.txt



0.066667
400,1,2.9999999999999996,13-46-24/DensityData_raw:0.073333.txt
400,1,2.9999999999999996,13-46-24/DensityData_raw:0.066667.txt



0.073333
400,1,2.9999999999999996,13-46-24/DensityData_raw:0.020000.txt
400,1,2.9999999999999996,13-46-24/DensityData_raw:0.073333.txt



0.08
400,1,2.9999999999999996,13-46-24/DensityData_raw:0.006667.txt
400,1,2.9999999999999996,13-46-24/DensityData_raw:0.080000.txt



0.086667
400,1,2.9999999999999996,13-46-24/DensityData_raw:0.093333.txt
400,1,2.9999999999999996,13-46-24/DensityData_raw:0.086667.txt



0.093333
400,1,2.9999999999999996,13-46-24/DensityData_raw:0.000000.txt
400,1,2.9999999999999996,13-46-24/DensityData_raw:0.093333.txt



0.000000
0.006667
0.013333
0.020000
0.026667
0.033333
0.040000
0.046667
0.053333
0.060000
0.066667
0.073333
0.080000
0.086667
0.093333
